START
Command: python3 src/main.py --save-dir /home/sc.uni-leipzig.de/ll95wyqa/projects/flidp/results/all-2025-01-22_18:03:55/svhn_no-dp_2025-01-22_21:18:59 --dataset svhn --model simple-cnn --rounds 420 --clients-per-round 30 --local-epochs 15 --batch-size 128 --client-lr 0.0005 --server-lr 1.0
dp level was set to nodp.
Round 0: OrderedDict([('sparse_categorical_accuracy', 0.15953442), ('loss', 2.300977), ('num_examples', 26032), ('num_batches', 204)]) {}
Round 1: {} {}
Round 2: {} {}
Round 3: {} {}
Round 4: {} {}
Round 5: OrderedDict([('sparse_categorical_accuracy', 0.19579747), ('loss', 2.2347398), ('num_examples', 26032), ('num_batches', 204)]) {}
Round 6: {} {}
Round 7: {} {}
Round 8: {} {}
Round 9: {} {}
Round 10: OrderedDict([('sparse_categorical_accuracy', 0.19833282), ('loss', 2.2210493), ('num_examples', 26032), ('num_batches', 204)]) {}
Round 11: {} {}
Round 12: {} {}
Round 13: {} {}
Round 14: {} {}
Round 15: OrderedDict([('sparse_categorical_accuracy', 0.20509373), ('loss', 2.1730442), ('num_examples', 26032), ('num_batches', 204)]) {}
Round 16: {} {}
Round 17: {} {}
Round 18: {} {}
Round 19: {} {}
Round 20: OrderedDict([('sparse_categorical_accuracy', 0.2828826), ('loss', 2.0735998), ('num_examples', 26032), ('num_batches', 204)]) {}
Round 21: {} {}
Round 22: {} {}
Round 23: {} {}
Round 24: {} {}
Round 25: OrderedDict([('sparse_categorical_accuracy', 0.3451521), ('loss', 1.938466), ('num_examples', 26032), ('num_batches', 204)]) {}
Round 26: {} {}
Round 27: {} {}
Round 28: {} {}
Round 29: {} {}
Round 30: OrderedDict([('sparse_categorical_accuracy', 0.4264367), ('loss', 1.7604678), ('num_examples', 26032), ('num_batches', 204)]) {}
Round 31: {} {}
Round 32: {} {}
Round 33: {} {}
Round 34: {} {}
Round 35: OrderedDict([('sparse_categorical_accuracy', 0.48709282), ('loss', 1.5882924), ('num_examples', 26032), ('num_batches', 204)]) {}
Round 36: {} {}
Round 37: {} {}
Round 38: {} {}
Round 39: {} {}
Round 40: OrderedDict([('sparse_categorical_accuracy', 0.55266595), ('loss', 1.4230185), ('num_examples', 26032), ('num_batches', 204)]) {}
Round 41: {} {}
Round 42: {} {}
Round 43: {} {}
Round 44: {} {}
Round 45: OrderedDict([('sparse_categorical_accuracy', 0.61113244), ('loss', 1.2786942), ('num_examples', 26032), ('num_batches', 204)]) {}
Round 46: {} {}
Round 47: {} {}
Round 48: {} {}
Round 49: {} {}
Round 50: OrderedDict([('sparse_categorical_accuracy', 0.6445529), ('loss', 1.1788927), ('num_examples', 26032), ('num_batches', 204)]) {}
Round 51: {} {}
Round 52: {} {}
Round 53: {} {}
Round 54: {} {}
Round 55: OrderedDict([('sparse_categorical_accuracy', 0.67363244), ('loss', 1.0916033), ('num_examples', 26032), ('num_batches', 204)]) {}
Round 56: {} {}
Round 57: {} {}
Round 58: {} {}
Round 59: {} {}
Round 60: OrderedDict([('sparse_categorical_accuracy', 0.7004072), ('loss', 1.0167203), ('num_examples', 26032), ('num_batches', 204)]) {}
Round 61: {} {}
Round 62: {} {}
Round 63: {} {}
Round 64: {} {}
Round 65: OrderedDict([('sparse_categorical_accuracy', 0.7178473), ('loss', 0.9601978), ('num_examples', 26032), ('num_batches', 204)]) {}
Round 66: {} {}
Round 67: {} {}
Round 68: {} {}
Round 69: {} {}
Round 70: OrderedDict([('sparse_categorical_accuracy', 0.73478794), ('loss', 0.9136059), ('num_examples', 26032), ('num_batches', 204)]) {}
Round 71: {} {}
Round 72: {} {}
Round 73: {} {}
Round 74: {} {}
Round 75: OrderedDict([('sparse_categorical_accuracy', 0.74297017), ('loss', 0.88011247), ('num_examples', 26032), ('num_batches', 204)]) {}
Round 76: {} {}
Round 77: {} {}
Round 78: {} {}
Round 79: {} {}
Round 80: OrderedDict([('sparse_categorical_accuracy', 0.7550707), ('loss', 0.84734726), ('num_examples', 26032), ('num_batches', 204)]) {}
Round 81: {} {}
Round 82: {} {}
Round 83: {} {}
Round 84: {} {}
Round 85: OrderedDict([('sparse_categorical_accuracy', 0.7609865), ('loss', 0.8265597), ('num_examples', 26032), ('num_batches', 204)]) {}
Round 86: {} {}
Round 87: {} {}
Round 88: {} {}
Round 89: {} {}
Round 90: OrderedDict([('sparse_categorical_accuracy', 0.76682544), ('loss', 0.806779), ('num_examples', 26032), ('num_batches', 204)]) {}
Round 91: {} {}
Round 92: {} {}
Round 93: {} {}
Round 94: {} {}
Round 95: OrderedDict([('sparse_categorical_accuracy', 0.7760833), ('loss', 0.7806371), ('num_examples', 26032), ('num_batches', 204)]) {}
Round 96: {} {}
Round 97: {} {}
Round 98: {} {}
Round 99: {} {}
Round 100: OrderedDict([('sparse_categorical_accuracy', 0.7810003), ('loss', 0.76465166), ('num_examples', 26032), ('num_batches', 204)]) {}
Round 101: {} {}
Round 102: {} {}
Round 103: {} {}
Round 104: {} {}
Round 105: OrderedDict([('sparse_categorical_accuracy', 0.78572524), ('loss', 0.7525018), ('num_examples', 26032), ('num_batches', 204)]) {}
Round 106: {} {}
Round 107: {} {}
Round 108: {} {}
Round 109: {} {}
Round 110: OrderedDict([('sparse_categorical_accuracy', 0.7898356), ('loss', 0.7386475), ('num_examples', 26032), ('num_batches', 204)]) {}
Round 111: {} {}
Round 112: {} {}
Round 113: {} {}
Round 114: {} {}
Round 115: OrderedDict([('sparse_categorical_accuracy', 0.79287034), ('loss', 0.72668564), ('num_examples', 26032), ('num_batches', 204)]) {}
Round 116: {} {}
Round 117: {} {}
Round 118: {} {}
Round 119: {} {}
Round 120: OrderedDict([('sparse_categorical_accuracy', 0.7947142), ('loss', 0.71912146), ('num_examples', 26032), ('num_batches', 204)]) {}
Round 121: {} {}
Round 122: {} {}
Round 123: {} {}
Round 124: {} {}
Round 125: OrderedDict([('sparse_categorical_accuracy', 0.7979026), ('loss', 0.7070483), ('num_examples', 26032), ('num_batches', 204)]) {}
Round 126: {} {}
Round 127: {} {}
Round 128: {} {}
Round 129: {} {}
Round 130: OrderedDict([('sparse_categorical_accuracy', 0.8013983), ('loss', 0.6954481), ('num_examples', 26032), ('num_batches', 204)]) {}
Round 131: {} {}
Round 132: {} {}
Round 133: {} {}
Round 134: {} {}
Round 135: OrderedDict([('sparse_categorical_accuracy', 0.8018208), ('loss', 0.69151384), ('num_examples', 26032), ('num_batches', 204)]) {}
Round 136: {} {}
Round 137: {} {}
Round 138: {} {}
Round 139: {} {}
Round 140: OrderedDict([('sparse_categorical_accuracy', 0.8060464), ('loss', 0.6812107), ('num_examples', 26032), ('num_batches', 204)]) {}
Round 141: {} {}
Round 142: {} {}
Round 143: {} {}
Round 144: {} {}
Round 145: OrderedDict([('sparse_categorical_accuracy', 0.81119394), ('loss', 0.6678868), ('num_examples', 26032), ('num_batches', 204)]) {}
Round 146: {} {}
Round 147: {} {}
Round 148: {} {}
Round 149: {} {}
Round 150: OrderedDict([('sparse_categorical_accuracy', 0.8099263), ('loss', 0.66811806), ('num_examples', 26032), ('num_batches', 204)]) {}
Round 151: {} {}
Round 152: {} {}
Round 153: {} {}
Round 154: {} {}
Round 155: OrderedDict([('sparse_categorical_accuracy', 0.816303), ('loss', 0.6528683), ('num_examples', 26032), ('num_batches', 204)]) {}
Round 156: {} {}
Round 157: {} {}
Round 158: {} {}
Round 159: {} {}
Round 160: OrderedDict([('sparse_categorical_accuracy', 0.8154963), ('loss', 0.6534839), ('num_examples', 26032), ('num_batches', 204)]) {}
Round 161: {} {}
Round 162: {} {}
Round 163: {} {}
Round 164: {} {}
Round 165: OrderedDict([('sparse_categorical_accuracy', 0.8209127), ('loss', 0.6410616), ('num_examples', 26032), ('num_batches', 204)]) {}
Round 166: {} {}
Round 167: {} {}
Round 168: {} {}
Round 169: {} {}
Round 170: OrderedDict([('sparse_categorical_accuracy', 0.82045174), ('loss', 0.63585234), ('num_examples', 26032), ('num_batches', 204)]) {}
Round 171: {} {}
Round 172: {} {}
Round 173: {} {}
Round 174: {} {}
Round 175: OrderedDict([('sparse_categorical_accuracy', 0.82371694), ('loss', 0.6314069), ('num_examples', 26032), ('num_batches', 204)]) {}
Round 176: {} {}
Round 177: {} {}
Round 178: {} {}
Round 179: {} {}
Round 180: OrderedDict([('sparse_categorical_accuracy', 0.8242932), ('loss', 0.63065845), ('num_examples', 26032), ('num_batches', 204)]) {}
Round 181: {} {}
Round 182: {} {}
Round 183: {} {}
Round 184: {} {}
Round 185: OrderedDict([('sparse_categorical_accuracy', 0.82471573), ('loss', 0.625536), ('num_examples', 26032), ('num_batches', 204)]) {}
Round 186: {} {}
Round 187: {} {}
Round 188: {} {}
Round 189: {} {}
Round 190: OrderedDict([('sparse_categorical_accuracy', 0.8283267), ('loss', 0.6144081), ('num_examples', 26032), ('num_batches', 204)]) {}
Round 191: {} {}
Round 192: {} {}
Round 193: {} {}
Round 194: {} {}
Round 195: OrderedDict([('sparse_categorical_accuracy', 0.8289029), ('loss', 0.61318755), ('num_examples', 26032), ('num_batches', 204)]) {}
Round 196: {} {}
Round 197: {} {}
Round 198: {} {}
Round 199: {} {}
Round 200: OrderedDict([('sparse_categorical_accuracy', 0.8316303), ('loss', 0.6062287), ('num_examples', 26032), ('num_batches', 204)]) {}
Round 201: {} {}
Round 202: {} {}
Round 203: {} {}
Round 204: {} {}
Round 205: OrderedDict([('sparse_categorical_accuracy', 0.8322833), ('loss', 0.60263854), ('num_examples', 26032), ('num_batches', 204)]) {}
Round 206: {} {}
Round 207: {} {}
Round 208: {} {}
Round 209: {} {}
Round 210: OrderedDict([('sparse_categorical_accuracy', 0.833551), ('loss', 0.59851646), ('num_examples', 26032), ('num_batches', 204)]) {}
Round 211: {} {}
Round 212: {} {}
Round 213: {} {}
Round 214: {} {}
Round 215: OrderedDict([('sparse_categorical_accuracy', 0.834665), ('loss', 0.59104), ('num_examples', 26032), ('num_batches', 204)]) {}
Round 216: {} {}
Round 217: {} {}
Round 218: {} {}
Round 219: {} {}
Round 220: OrderedDict([('sparse_categorical_accuracy', 0.83616316), ('loss', 0.58726656), ('num_examples', 26032), ('num_batches', 204)]) {}
Round 221: {} {}
Round 222: {} {}
Round 223: {} {}
Round 224: {} {}
Round 225: OrderedDict([('sparse_categorical_accuracy', 0.8370851), ('loss', 0.5841842), ('num_examples', 26032), ('num_batches', 204)]) {}
Round 226: {} {}
Round 227: {} {}
Round 228: {} {}
Round 229: {} {}
Round 230: OrderedDict([('sparse_categorical_accuracy', 0.8392363), ('loss', 0.5778048), ('num_examples', 26032), ('num_batches', 204)]) {}
Round 231: {} {}
Round 232: {} {}
Round 233: {} {}
Round 234: {} {}
Round 235: OrderedDict([('sparse_categorical_accuracy', 0.8396973), ('loss', 0.57632256), ('num_examples', 26032), ('num_batches', 204)]) {}
Round 236: {} {}
Round 237: {} {}
Round 238: {} {}
Round 239: {} {}
Round 240: OrderedDict([('sparse_categorical_accuracy', 0.8393516), ('loss', 0.57339877), ('num_examples', 26032), ('num_batches', 204)]) {}
Round 241: {} {}
Round 242: {} {}
Round 243: {} {}
Round 244: {} {}
Round 245: OrderedDict([('sparse_categorical_accuracy', 0.8415412), ('loss', 0.57121634), ('num_examples', 26032), ('num_batches', 204)]) {}
Round 246: {} {}
Round 247: {} {}
Round 248: {} {}
Round 249: {} {}
Round 250: OrderedDict([('sparse_categorical_accuracy', 0.84042716), ('loss', 0.5673211), ('num_examples', 26032), ('num_batches', 204)]) {}
Round 251: {} {}
Round 252: {} {}
Round 253: {} {}
Round 254: {} {}
Round 255: OrderedDict([('sparse_categorical_accuracy', 0.8432314), ('loss', 0.5618896), ('num_examples', 26032), ('num_batches', 204)]) {}
Round 256: {} {}
Round 257: {} {}
Round 258: {} {}
Round 259: {} {}
Round 260: OrderedDict([('sparse_categorical_accuracy', 0.8415028), ('loss', 0.56293195), ('num_examples', 26032), ('num_batches', 204)]) {}
Round 261: {} {}
Round 262: {} {}
Round 263: {} {}
Round 264: {} {}
Round 265: OrderedDict([('sparse_categorical_accuracy', 0.84538263), ('loss', 0.55298454), ('num_examples', 26032), ('num_batches', 204)]) {}
Round 266: {} {}
Round 267: {} {}
Round 268: {} {}
Round 269: {} {}
Round 270: OrderedDict([('sparse_categorical_accuracy', 0.8453058), ('loss', 0.5520846), ('num_examples', 26032), ('num_batches', 204)]) {}
Round 271: {} {}
Round 272: {} {}
Round 273: {} {}
Round 274: {} {}
Round 275: OrderedDict([('sparse_categorical_accuracy', 0.8457667), ('loss', 0.55048025), ('num_examples', 26032), ('num_batches', 204)]) {}
Round 276: {} {}
Round 277: {} {}
Round 278: {} {}
Round 279: {} {}
Round 280: OrderedDict([('sparse_categorical_accuracy', 0.84580517), ('loss', 0.5496839), ('num_examples', 26032), ('num_batches', 204)]) {}
Round 281: {} {}
Round 282: {} {}
Round 283: {} {}
Round 284: {} {}
Round 285: OrderedDict([('sparse_categorical_accuracy', 0.84930086), ('loss', 0.540224), ('num_examples', 26032), ('num_batches', 204)]) {}
Round 286: {} {}
Round 287: {} {}
Round 288: {} {}
Round 289: {} {}
Round 290: OrderedDict([('sparse_categorical_accuracy', 0.848571), ('loss', 0.53956854), ('num_examples', 26032), ('num_batches', 204)]) {}
Round 291: {} {}
Round 292: {} {}
Round 293: {} {}
Round 294: {} {}
Round 295: OrderedDict([('sparse_categorical_accuracy', 0.84764904), ('loss', 0.5407092), ('num_examples', 26032), ('num_batches', 204)]) {}
Round 296: {} {}
Round 297: {} {}
Round 298: {} {}
Round 299: {} {}
Round 300: OrderedDict([('sparse_categorical_accuracy', 0.85202825), ('loss', 0.5301088), ('num_examples', 26032), ('num_batches', 204)]) {}
Round 301: {} {}
Round 302: {} {}
Round 303: {} {}
Round 304: {} {}
Round 305: OrderedDict([('sparse_categorical_accuracy', 0.84853256), ('loss', 0.5355328), ('num_examples', 26032), ('num_batches', 204)]) {}
Round 306: {} {}
Round 307: {} {}
Round 308: {} {}
Round 309: {} {}
Round 310: OrderedDict([('sparse_categorical_accuracy', 0.8526045), ('loss', 0.5302567), ('num_examples', 26032), ('num_batches', 204)]) {}
Round 311: {} {}
Round 312: {} {}
Round 313: {} {}
Round 314: {} {}
Round 315: OrderedDict([('sparse_categorical_accuracy', 0.8518746), ('loss', 0.528882), ('num_examples', 26032), ('num_batches', 204)]) {}
Round 316: {} {}
Round 317: {} {}
Round 318: {} {}
Round 319: {} {}
Round 320: OrderedDict([('sparse_categorical_accuracy', 0.8539874), ('loss', 0.5253572), ('num_examples', 26032), ('num_batches', 204)]) {}
Round 321: {} {}
Round 322: {} {}
Round 323: {} {}
Round 324: {} {}
Round 325: OrderedDict([('sparse_categorical_accuracy', 0.85325754), ('loss', 0.5253123), ('num_examples', 26032), ('num_batches', 204)]) {}
Round 326: {} {}
Round 327: {} {}
Round 328: {} {}
Round 329: {} {}
Round 330: OrderedDict([('sparse_categorical_accuracy', 0.85548556), ('loss', 0.51783764), ('num_examples', 26032), ('num_batches', 204)]) {}
Round 331: {} {}
Round 332: {} {}
Round 333: {} {}
Round 334: {} {}
Round 335: OrderedDict([('sparse_categorical_accuracy', 0.85652274), ('loss', 0.5150995), ('num_examples', 26032), ('num_batches', 204)]) {}
Round 336: {} {}
Round 337: {} {}
Round 338: {} {}
Round 339: {} {}
Round 340: OrderedDict([('sparse_categorical_accuracy', 0.85752153), ('loss', 0.5126154), ('num_examples', 26032), ('num_batches', 204)]) {}
Round 341: {} {}
Round 342: {} {}
Round 343: {} {}
Round 344: {} {}
Round 345: OrderedDict([('sparse_categorical_accuracy', 0.85740626), ('loss', 0.51079506), ('num_examples', 26032), ('num_batches', 204)]) {}
Round 346: {} {}
Round 347: {} {}
Round 348: {} {}
Round 349: {} {}
Round 350: OrderedDict([('sparse_categorical_accuracy', 0.85759836), ('loss', 0.5093238), ('num_examples', 26032), ('num_batches', 204)]) {}
Round 351: {} {}
Round 352: {} {}
Round 353: {} {}
Round 354: {} {}
Round 355: OrderedDict([('sparse_categorical_accuracy', 0.8585971), ('loss', 0.5074618), ('num_examples', 26032), ('num_batches', 204)]) {}
Round 356: {} {}
Round 357: {} {}
Round 358: {} {}
Round 359: {} {}
Round 360: OrderedDict([('sparse_categorical_accuracy', 0.8607483), ('loss', 0.5041252), ('num_examples', 26032), ('num_batches', 204)]) {}
Round 361: {} {}
Round 362: {} {}
Round 363: {} {}
Round 364: {} {}
Round 365: OrderedDict([('sparse_categorical_accuracy', 0.85763675), ('loss', 0.50674015), ('num_examples', 26032), ('num_batches', 204)]) {}
Round 366: {} {}
Round 367: {} {}
Round 368: {} {}
Round 369: {} {}
Round 370: OrderedDict([('sparse_categorical_accuracy', 0.86032575), ('loss', 0.50156224), ('num_examples', 26032), ('num_batches', 204)]) {}
Round 371: {} {}
Round 372: {} {}
Round 373: {} {}
Round 374: {} {}
Round 375: OrderedDict([('sparse_categorical_accuracy', 0.8599032), ('loss', 0.5025865), ('num_examples', 26032), ('num_batches', 204)]) {}
Round 376: {} {}
Round 377: {} {}
Round 378: {} {}
Round 379: {} {}
Round 380: OrderedDict([('sparse_categorical_accuracy', 0.8605178), ('loss', 0.49644193), ('num_examples', 26032), ('num_batches', 204)]) {}
Round 381: {} {}
Round 382: {} {}
Round 383: {} {}
Round 384: {} {}
Round 385: OrderedDict([('sparse_categorical_accuracy', 0.86067146), ('loss', 0.4943611), ('num_examples', 26032), ('num_batches', 204)]) {}
Round 386: {} {}
Round 387: {} {}
Round 388: {} {}
Round 389: {} {}
Round 390: OrderedDict([('sparse_categorical_accuracy', 0.8602489), ('loss', 0.49637067), ('num_examples', 26032), ('num_batches', 204)]) {}
Round 391: {} {}
Round 392: {} {}
Round 393: {} {}
Round 394: {} {}
Round 395: OrderedDict([('sparse_categorical_accuracy', 0.8629763), ('loss', 0.49217835), ('num_examples', 26032), ('num_batches', 204)]) {}
Round 396: {} {}
Round 397: {} {}
Round 398: {} {}
Round 399: {} {}
Round 400: OrderedDict([('sparse_categorical_accuracy', 0.86301476), ('loss', 0.49050418), ('num_examples', 26032), ('num_batches', 204)]) {}
Round 401: {} {}
Round 402: {} {}
Round 403: {} {}
Round 404: {} {}
Round 405: OrderedDict([('sparse_categorical_accuracy', 0.86551166), ('loss', 0.4890862), ('num_examples', 26032), ('num_batches', 204)]) {}
Round 406: {} {}
Round 407: {} {}
Round 408: {} {}
Round 409: {} {}
Round 410: OrderedDict([('sparse_categorical_accuracy', 0.8665873), ('loss', 0.4835066), ('num_examples', 26032), ('num_batches', 204)]) {}
Round 411: {} {}
Round 412: {} {}
Round 413: {} {}
Round 414: {} {}
Round 415: OrderedDict([('sparse_categorical_accuracy', 0.8657806), ('loss', 0.4830866), ('num_examples', 26032), ('num_batches', 204)]) {}
Round 416: {} {}
Round 417: {} {}
Round 418: {} {}
Round 419: {} {}
Round 419: OrderedDict([('sparse_categorical_accuracy', 0.8655885), ('loss', 0.48238677), ('num_examples', 26032), ('num_batches', 204)]) {}
FINISHED
